<?xml version="1.0" encoding="UTF-8"?>
<testng-results total="10" passed="10" failed="0" skipped="0">
  <reporter-output>
  </reporter-output>
  <suite started-at="2021-09-26T14:45:16Z" name="Suite" finished-at="2021-09-26T14:46:41Z" duration-ms="85320">
    <groups>
      <group name="cucumber">
        <method signature="AbstractTestNGCucumberTests.runScenario(io.cucumber.testng.PickleWrapper, io.cucumber.testng.FeatureWrapper)[pri:0, instance:com.urbanladder.runner.runner@5b799640]" name="runScenario" class="io.cucumber.testng.AbstractTestNGCucumberTests"/>
      </group> <!-- cucumber -->
    </groups>
    <test started-at="2021-09-26T14:45:16Z" name="Test" finished-at="2021-09-26T14:46:41Z" duration-ms="85320">
      <class name="com.urbanladder.runner.runner">
        <test-method is-config="true" signature="setUpClass()[pri:0, instance:com.urbanladder.runner.runner@5b799640]" started-at="2021-09-26T20:15:16Z" name="setUpClass" finished-at="2021-09-26T20:15:16Z" duration-ms="631" status="PASS">
          <reporter-output>
          </reporter-output>
        </test-method> <!-- setUpClass -->
        <test-method signature="runScenario(io.cucumber.testng.PickleWrapper, io.cucumber.testng.FeatureWrapper)[pri:0, instance:com.urbanladder.runner.runner@5b799640]" started-at="2021-09-26T20:15:16Z" name="runScenario" description="Runs Cucumber Scenarios" data-provider="scenarios" finished-at="2021-09-26T20:15:33Z" duration-ms="16704" status="PASS">
          <params>
            <param index="0">
              <value>
                <![CDATA["Home page default login"]]>
              </value>
            </param>
            <param index="1">
              <value>
                <![CDATA["Optional[Urban Ladder]"]]>
              </value>
            </param>
          </params>
          <reporter-output>
          </reporter-output>
        </test-method> <!-- runScenario -->
        <test-method signature="runScenario(io.cucumber.testng.PickleWrapper, io.cucumber.testng.FeatureWrapper)[pri:0, instance:com.urbanladder.runner.runner@5b799640]" started-at="2021-09-26T20:15:33Z" name="runScenario" description="Runs Cucumber Scenarios" data-provider="scenarios" finished-at="2021-09-26T20:15:35Z" duration-ms="2244" status="PASS">
          <params>
            <param index="0">
              <value>
                <![CDATA["searching"]]>
              </value>
            </param>
            <param index="1">
              <value>
                <![CDATA["Optional[Urban Ladder]"]]>
              </value>
            </param>
          </params>
          <reporter-output>
          </reporter-output>
        </test-method> <!-- runScenario -->
        <test-method signature="runScenario(io.cucumber.testng.PickleWrapper, io.cucumber.testng.FeatureWrapper)[pri:0, instance:com.urbanladder.runner.runner@5b799640]" started-at="2021-09-26T20:15:35Z" name="runScenario" description="Runs Cucumber Scenarios" data-provider="scenarios" finished-at="2021-09-26T20:15:45Z" duration-ms="10224" status="PASS">
          <params>
            <param index="0">
              <value>
                <![CDATA["sale"]]>
              </value>
            </param>
            <param index="1">
              <value>
                <![CDATA["Optional[Urban Ladder]"]]>
              </value>
            </param>
          </params>
          <reporter-output>
          </reporter-output>
        </test-method> <!-- runScenario -->
        <test-method signature="runScenario(io.cucumber.testng.PickleWrapper, io.cucumber.testng.FeatureWrapper)[pri:0, instance:com.urbanladder.runner.runner@5b799640]" started-at="2021-09-26T20:15:45Z" name="runScenario" description="Runs Cucumber Scenarios" data-provider="scenarios" finished-at="2021-09-26T20:15:54Z" duration-ms="8662" status="PASS">
          <params>
            <param index="0">
              <value>
                <![CDATA["living"]]>
              </value>
            </param>
            <param index="1">
              <value>
                <![CDATA["Optional[Urban Ladder]"]]>
              </value>
            </param>
          </params>
          <reporter-output>
          </reporter-output>
        </test-method> <!-- runScenario -->
        <test-method signature="runScenario(io.cucumber.testng.PickleWrapper, io.cucumber.testng.FeatureWrapper)[pri:0, instance:com.urbanladder.runner.runner@5b799640]" started-at="2021-09-26T20:15:54Z" name="runScenario" description="Runs Cucumber Scenarios" data-provider="scenarios" finished-at="2021-09-26T20:16:03Z" duration-ms="8638" status="PASS">
          <params>
            <param index="0">
              <value>
                <![CDATA["bedroom"]]>
              </value>
            </param>
            <param index="1">
              <value>
                <![CDATA["Optional[Urban Ladder]"]]>
              </value>
            </param>
          </params>
          <reporter-output>
          </reporter-output>
        </test-method> <!-- runScenario -->
        <test-method signature="runScenario(io.cucumber.testng.PickleWrapper, io.cucumber.testng.FeatureWrapper)[pri:0, instance:com.urbanladder.runner.runner@5b799640]" started-at="2021-09-26T20:16:03Z" name="runScenario" description="Runs Cucumber Scenarios" data-provider="scenarios" finished-at="2021-09-26T20:16:11Z" duration-ms="8662" status="PASS">
          <params>
            <param index="0">
              <value>
                <![CDATA["storage"]]>
              </value>
            </param>
            <param index="1">
              <value>
                <![CDATA["Optional[Urban Ladder]"]]>
              </value>
            </param>
          </params>
          <reporter-output>
          </reporter-output>
        </test-method> <!-- runScenario -->
        <test-method signature="runScenario(io.cucumber.testng.PickleWrapper, io.cucumber.testng.FeatureWrapper)[pri:0, instance:com.urbanladder.runner.runner@5b799640]" started-at="2021-09-26T20:16:11Z" name="runScenario" description="Runs Cucumber Scenarios" data-provider="scenarios" finished-at="2021-09-26T20:16:20Z" duration-ms="8519" status="PASS">
          <params>
            <param index="0">
              <value>
                <![CDATA["study"]]>
              </value>
            </param>
            <param index="1">
              <value>
                <![CDATA["Optional[Urban Ladder]"]]>
              </value>
            </param>
          </params>
          <reporter-output>
          </reporter-output>
        </test-method> <!-- runScenario -->
        <test-method signature="runScenario(io.cucumber.testng.PickleWrapper, io.cucumber.testng.FeatureWrapper)[pri:0, instance:com.urbanladder.runner.runner@5b799640]" started-at="2021-09-26T20:16:20Z" name="runScenario" description="Runs Cucumber Scenarios" data-provider="scenarios" finished-at="2021-09-26T20:16:29Z" duration-ms="8735" status="PASS">
          <params>
            <param index="0">
              <value>
                <![CDATA["kids room"]]>
              </value>
            </param>
            <param index="1">
              <value>
                <![CDATA["Optional[Urban Ladder]"]]>
              </value>
            </param>
          </params>
          <reporter-output>
          </reporter-output>
        </test-method> <!-- runScenario -->
        <test-method signature="runScenario(io.cucumber.testng.PickleWrapper, io.cucumber.testng.FeatureWrapper)[pri:0, instance:com.urbanladder.runner.runner@5b799640]" started-at="2021-09-26T20:16:29Z" name="runScenario" description="Runs Cucumber Scenarios" data-provider="scenarios" finished-at="2021-09-26T20:16:39Z" duration-ms="10069" status="PASS">
          <params>
            <param index="0">
              <value>
                <![CDATA["gift cards"]]>
              </value>
            </param>
            <param index="1">
              <value>
                <![CDATA["Optional[Urban Ladder]"]]>
              </value>
            </param>
          </params>
          <reporter-output>
          </reporter-output>
        </test-method> <!-- runScenario -->
        <test-method signature="runScenario(io.cucumber.testng.PickleWrapper, io.cucumber.testng.FeatureWrapper)[pri:0, instance:com.urbanladder.runner.runner@5b799640]" started-at="2021-09-26T20:16:39Z" name="runScenario" description="Runs Cucumber Scenarios" data-provider="scenarios" finished-at="2021-09-26T20:16:41Z" duration-ms="2147" status="PASS">
          <params>
            <param index="0">
              <value>
                <![CDATA["bulk orders"]]>
              </value>
            </param>
            <param index="1">
              <value>
                <![CDATA["Optional[Urban Ladder]"]]>
              </value>
            </param>
          </params>
          <reporter-output>
          </reporter-output>
        </test-method> <!-- runScenario -->
        <test-method is-config="true" signature="tearDownClass()[pri:0, instance:com.urbanladder.runner.runner@5b799640]" started-at="2021-09-26T20:16:41Z" name="tearDownClass" finished-at="2021-09-26T20:16:41Z" duration-ms="32" status="PASS">
          <reporter-output>
          </reporter-output>
        </test-method> <!-- tearDownClass -->
      </class> <!-- com.urbanladder.runner.runner -->
    </test> <!-- Test -->
  </suite> <!-- Suite -->
</testng-results>
